
!CONFIGURATION: 'com.ti.ccstudio.buildDefinitions.TMS470.Debug.1928425246' [Mon Mar 28 11:11:23 PDT 2022]

	!TOOL: 'com.ti.ccstudio.buildDefinitions.TMS470_16.9.exe.compilerDebug.1982632274'

		!ERROR: org.eclipse.cdt.managedbuilder.core.BuildException: Unexpected value 'com.ti.ccstudio.buildDefinitions.TMS470_16.9.compilerID.FLOAT_SUPPORT.none' for option '--float_support'! Applicable values are: [, VFPv2, VFPv3, VFPv3D16, vfplib, fpalib [deprecated], FPv4SPD16].
			at com.ti.common.project.core.util.CTIProjectCoreUtils.setBuildOption(CTIProjectCoreUtils.java:901)
			at com.ti.common.project.core.util.CTIProjectCoreUtils.setBuildOption(CTIProjectCoreUtils.java:836)
			at com.ti.common.project.core.internal.initializer.AConfigurationInitializer.doCopyBuildOptions(AConfigurationInitializer.java:525)
			at com.ti.ccstudio.project.core.internal.initializer.CCSConfigurationInitializer.doCopyBuildOptions(CCSConfigurationInitializer.java:659)
			at com.ti.common.project.core.internal.initializer.AConfigurationInitializer.copyBuildOptions(AConfigurationInitializer.java:184)
			at com.ti.common.project.core.internal.initializer.AConfigurationInitializer.internalCopyBuildOptions(AConfigurationInitializer.java:421)
			at com.ti.common.project.core.internal.initializer.AConfigurationInitializer.internalInitializeBuildOptions(AConfigurationInitializer.java:380)
			at com.ti.common.project.core.internal.initializer.AConfigurationInitializer.initializeFromExisting(AConfigurationInitializer.java:122)
			at com.ti.common.project.ui.internal.properties.ConfigurationPropertiesPage.saveConfiguration(ConfigurationPropertiesPage.java:373)
			at com.ti.ccstudio.project.ui.internal.properties.GeneralSettingsPage.saveConfiguration(GeneralSettingsPage.java:1319)
			at com.ti.common.project.ui.internal.properties.ConfigurationPropertiesPage.forEach(ConfigurationPropertiesPage.java:326)
			at org.eclipse.cdt.ui.newui.AbstractPage$5.sendOK(AbstractPage.java:644)
			at org.eclipse.cdt.ui.newui.AbstractPage$5.run(AbstractPage.java:675)
			at org.eclipse.ui.actions.WorkspaceModifyDelegatingOperation.execute(WorkspaceModifyDelegatingOperation.java:68)
			at org.eclipse.ui.actions.WorkspaceModifyOperation.lambda$0(WorkspaceModifyOperation.java:107)
			at org.eclipse.core.internal.resources.Workspace.run(Workspace.java:2240)
			at org.eclipse.core.internal.resources.Workspace.run(Workspace.java:2267)
			at org.eclipse.ui.actions.WorkspaceModifyOperation.run(WorkspaceModifyOperation.java:128)
			at org.eclipse.jface.operation.ModalContext.runInCurrentThread(ModalContext.java:437)
			at org.eclipse.jface.operation.ModalContext.run(ModalContext.java:353)
			at org.eclipse.jface.dialogs.ProgressMonitorDialog.run(ProgressMonitorDialog.java:483)
			at org.eclipse.ui.internal.progress.ProgressManager$RunnableWithStatus.run(ProgressManager.java:1124)
			at org.eclipse.swt.custom.BusyIndicator.showWhile(BusyIndicator.java:70)
			at org.eclipse.ui.internal.progress.ProgressManager.lambda$26(ProgressManager.java:1001)
			at org.eclipse.swt.widgets.Synchronizer.syncExec(Synchronizer.java:233)
			at org.eclipse.ui.internal.UISynchronizer.syncExec(UISynchronizer.java:144)
			at org.eclipse.swt.widgets.Display.syncExec(Display.java:4889)
			at org.eclipse.ui.internal.progress.ProgressManager.runInUI(ProgressManager.java:1001)
			at org.eclipse.cdt.ui.newui.AbstractPage.performSave(AbstractPage.java:691)
			at org.eclipse.cdt.ui.newui.AbstractPage.performOk(AbstractPage.java:570)
			at com.ti.common.project.ui.internal.properties.BasePropertiesPage.performOk(BasePropertiesPage.java:136)
			at com.ti.ccstudio.project.ui.internal.properties.GeneralSettingsPage.performOk(GeneralSettingsPage.java:1335)
			at org.eclipse.jface.preference.PreferenceDialog$7.run(PreferenceDialog.java:902)
			at org.eclipse.core.runtime.SafeRunner.run(SafeRunner.java:42)
			at org.eclipse.ui.internal.JFaceUtil.lambda$0(JFaceUtil.java:44)
			at org.eclipse.jface.util.SafeRunnable.run(SafeRunnable.java:173)
			at org.eclipse.jface.preference.PreferenceDialog.okPressed(PreferenceDialog.java:886)
			at org.eclipse.ui.internal.dialogs.FilteredPreferenceDialog.okPressed(FilteredPreferenceDialog.java:400)
			at org.eclipse.jface.preference.PreferenceDialog.buttonPressed(PreferenceDialog.java:230)
			at org.eclipse.jface.dialogs.Dialog.lambda$0(Dialog.java:619)
			at org.eclipse.swt.events.SelectionListener$1.widgetSelected(SelectionListener.java:81)
			at org.eclipse.swt.widgets.TypedListener.handleEvent(TypedListener.java:249)
			at org.eclipse.swt.widgets.EventTable.sendEvent(EventTable.java:86)
			at org.eclipse.swt.widgets.Display.sendEvent(Display.java:4428)
			at org.eclipse.swt.widgets.Widget.sendEvent(Widget.java:1079)
			at org.eclipse.swt.widgets.Display.runDeferredEvents(Display.java:4238)
			at org.eclipse.swt.widgets.Display.readAndDispatch(Display.java:3817)
			at org.eclipse.jface.window.Window.runEventLoop(Window.java:818)
			at org.eclipse.jface.window.Window.open(Window.java:794)
			at org.eclipse.ui.dialogs.PropertyDialogAction.run(PropertyDialogAction.java:157)
			at org.eclipse.jface.action.Action.runWithEvent(Action.java:473)
			at org.eclipse.jface.action.ActionContributionItem.handleWidgetSelection(ActionContributionItem.java:565)
			at org.eclipse.jface.action.ActionContributionItem.lambda$4(ActionContributionItem.java:397)
			at org.eclipse.swt.widgets.EventTable.sendEvent(EventTable.java:86)
			at org.eclipse.swt.widgets.Display.sendEvent(Display.java:4428)
			at org.eclipse.swt.widgets.Widget.sendEvent(Widget.java:1079)
			at org.eclipse.swt.widgets.Display.runDeferredEvents(Display.java:4238)
			at org.eclipse.swt.widgets.Display.readAndDispatch(Display.java:3817)
			at org.eclipse.e4.ui.internal.workbench.swt.PartRenderingEngine$5.run(PartRenderingEngine.java:1150)
			at org.eclipse.core.databinding.observable.Realm.runWithDefault(Realm.java:336)
			at org.eclipse.e4.ui.internal.workbench.swt.PartRenderingEngine.run(PartRenderingEngine.java:1039)
			at org.eclipse.e4.ui.internal.workbench.E4Workbench.createAndRunUI(E4Workbench.java:153)
			at org.eclipse.ui.internal.Workbench.lambda$3(Workbench.java:680)
			at org.eclipse.core.databinding.observable.Realm.runWithDefault(Realm.java:336)
			at org.eclipse.ui.internal.Workbench.createAndRunWorkbench(Workbench.java:594)
			at org.eclipse.ui.PlatformUI.createAndRunWorkbench(PlatformUI.java:148)
			at org.eclipse.ui.internal.ide.application.IDEApplication.start(IDEApplication.java:151)
			at org.eclipse.equinox.internal.app.EclipseAppHandle.run(EclipseAppHandle.java:196)
			at org.eclipse.core.runtime.internal.adaptor.EclipseAppLauncher.runApplication(EclipseAppLauncher.java:134)
			at org.eclipse.core.runtime.internal.adaptor.EclipseAppLauncher.start(EclipseAppLauncher.java:104)
			at org.eclipse.core.runtime.adaptor.EclipseStarter.run(EclipseStarter.java:388)
			at org.eclipse.core.runtime.adaptor.EclipseStarter.run(EclipseStarter.java:243)
			at sun.reflect.NativeMethodAccessorImpl.invoke0(Native Method)
			at sun.reflect.NativeMethodAccessorImpl.invoke(NativeMethodAccessorImpl.java:62)
			at sun.reflect.DelegatingMethodAccessorImpl.invoke(DelegatingMethodAccessorImpl.java:43)
			at java.lang.reflect.Method.invoke(Method.java:498)
			at org.eclipse.equinox.launcher.Main.invokeFramework(Main.java:653)
			at org.eclipse.equinox.launcher.Main.basicRun(Main.java:590)
			at org.eclipse.equinox.launcher.Main.run(Main.java:1499)
		

